<?xml version="1.0" encoding="UTF-8"?>
<testng-results skipped="0" failed="1" total="1" passed="0">
  <reporter-output>
    <line>
      <![CDATA[Running test on chrome browser]]>
    </line>
    <line>
      <![CDATA[Successfully logged into CPOS application]]>
    </line>
    <line>
      <![CDATA[Fresh-food transfer order creation.]]>
    </line>
    <line>
      <![CDATA[FreshFoodOrders button is not present]]>
    </line>
  </reporter-output>
  <suite name="Default suite" duration-ms="52027" started-at="2019-07-22T06:30:10Z" finished-at="2019-07-22T06:31:02Z">
    <groups>
    </groups>
    <test name="Default test" duration-ms="52027" started-at="2019-07-22T06:30:10Z" finished-at="2019-07-22T06:31:02Z">
      <class name="fb.mpos.testcases.TC693">
        <test-method status="FAIL" signature="tc693(java.lang.String, java.lang.String)[pri:0, instance:fb.mpos.testcases.TC693@5629510]" name="tc693" duration-ms="51169" started-at="2019-07-22T12:00:11Z" description="Login" data-provider="credentialData" finished-at="2019-07-22T12:01:02Z">
          <params>
            <param index="0">
              <value>
                <![CDATA[000163]]>
              </value>
            </param>
            <param index="1">
              <value>
                <![CDATA[1234]]>
              </value>
            </param>
          </params>
          <exception class="java.lang.AssertionError">
            <message>
              <![CDATA[expected [true] but found [false]]]>
            </message>
            <full-stacktrace>
              <![CDATA[java.lang.AssertionError: expected [true] but found [false]
	at org.testng.Assert.fail(Assert.java:94)
	at org.testng.Assert.failNotEquals(Assert.java:494)
	at org.testng.Assert.assertEquals(Assert.java:123)
	at org.testng.Assert.assertEquals(Assert.java:286)
	at org.testng.Assert.assertEquals(Assert.java:296)
	at fb.mpos.testcases.TC693.tc693(TC693.java:53)
	at sun.reflect.NativeMethodAccessorImpl.invoke0(Native Method)
	at sun.reflect.NativeMethodAccessorImpl.invoke(NativeMethodAccessorImpl.java:62)
	at sun.reflect.DelegatingMethodAccessorImpl.invoke(DelegatingMethodAccessorImpl.java:43)
	at java.lang.reflect.Method.invoke(Method.java:498)
	at org.testng.internal.MethodInvocationHelper.invokeMethod(MethodInvocationHelper.java:84)
	at org.testng.internal.Invoker.invokeMethod(Invoker.java:714)
	at org.testng.internal.Invoker.invokeTestMethod(Invoker.java:901)
	at org.testng.internal.Invoker.invokeTestMethods(Invoker.java:1231)
	at org.testng.internal.TestMethodWorker.invokeTestMethods(TestMethodWorker.java:127)
	at org.testng.internal.TestMethodWorker.run(TestMethodWorker.java:111)
	at org.testng.TestRunner.privateRun(TestRunner.java:767)
	at org.testng.TestRunner.run(TestRunner.java:617)
	at org.testng.SuiteRunner.runTest(SuiteRunner.java:334)
	at org.testng.SuiteRunner.runSequentially(SuiteRunner.java:329)
	at org.testng.SuiteRunner.privateRun(SuiteRunner.java:291)
	at org.testng.SuiteRunner.run(SuiteRunner.java:240)
	at org.testng.SuiteRunnerWorker.runSuite(SuiteRunnerWorker.java:52)
	at org.testng.SuiteRunnerWorker.run(SuiteRunnerWorker.java:86)
	at org.testng.TestNG.runSuitesSequentially(TestNG.java:1224)
	at org.testng.TestNG.runSuitesLocally(TestNG.java:1149)
	at org.testng.TestNG.run(TestNG.java:1057)
	at org.testng.remote.AbstractRemoteTestNG.run(AbstractRemoteTestNG.java:114)
	at org.testng.remote.RemoteTestNG.initAndRun(RemoteTestNG.java:251)
	at org.testng.remote.RemoteTestNG.main(RemoteTestNG.java:77)
]]>
            </full-stacktrace>
          </exception> <!-- java.lang.AssertionError -->
          <reporter-output>
            <line>
              <![CDATA[Successfully logged into CPOS application]]>
            </line>
            <line>
              <![CDATA[Fresh-food transfer order creation.]]>
            </line>
            <line>
              <![CDATA[FreshFoodOrders button is not present]]>
            </line>
          </reporter-output>
        </test-method> <!-- tc693 -->
      </class> <!-- fb.mpos.testcases.TC693 -->
    </test> <!-- Default test -->
  </suite> <!-- Default suite -->
</testng-results>
